<?xml version="1.0" encoding="UTF-8" ?>
<testsuite tests="93" failures="0" name="org.apache.catalina.valves.rewrite.TestRewriteValve" time="0.411" errors="0" skipped="0">
  <properties>
    <property name="idea.version" value="2023.1.2"/>
    <property name="java.runtime.name" value="OpenJDK Runtime Environment"/>
    <property name="java.vm.version" value="22.0.1+8-16"/>
    <property name="sun.boot.library.path" value="/Users/icourt/Library/Java/JavaVirtualMachines/openjdk-22.0.1/Contents/Home/lib"/>
    <property name="maven.multiModuleProjectDirectory" value="/Users/icourt/project/openSourceProject/tomcat"/>
    <property name="java.vm.vendor" value="Oracle Corporation"/>
    <property name="java.vendor.url" value="https://java.oracle.com/"/>
    <property name="guice.disable.misplaced.annotation.check" value="true"/>
    <property name="path.separator" value=":"/>
    <property name="java.vm.name" value="OpenJDK 64-Bit Server VM"/>
    <property name="user.script" value="Hans"/>
    <property name="user.country" value="CN"/>
    <property name="sun.java.launcher" value="SUN_STANDARD"/>
    <property name="java.vm.specification.name" value="Java Virtual Machine Specification"/>
    <property name="user.dir" value="/Users/icourt/project/openSourceProject/tomcat"/>
    <property name="java.vm.compressedOopsMode" value="Zero based"/>
    <property name="java.runtime.version" value="22.0.1+8-16"/>
    <property name="os.arch" value="aarch64"/>
    <property name="visualgc.id" value="8370830629500"/>
    <property name="visualvm.id" value="8370830649833"/>
    <property name="java.io.tmpdir" value="/var/folders/9n/8l8yg6m178v_t033y6_5bqs40000gn/T/"/>
    <property name="line.separator" value="
"/>
    <property name="socksProxyPort" value="1086"/>
    <property name="java.vm.specification.vendor" value="Oracle Corporation"/>
    <property name="stderr.encoding" value="UTF-8"/>
    <property name="os.name" value="Mac OS X"/>
    <property name="maven.ext.class.path" value="/Applications/IntelliJ IDEA.app/Contents/plugins/maven/lib/maven-event-listener.jar"/>
    <property name="classworlds.conf" value="/Applications/IntelliJ IDEA.app/Contents/plugins/maven/lib/maven3/bin/m2.conf"/>
    <property name="sun.jnu.encoding" value="UTF-8"/>
    <property name="stdout.encoding" value="UTF-8"/>
    <property name="java.library.path" value="/Users/icourt/Library/Java/Extensions:/Library/Java/Extensions:/Network/Library/Java/Extensions:/System/Library/Java/Extensions:/usr/lib/java:."/>
    <property name="jansi.passthrough" value="true"/>
    <property name="maven.conf" value="/Applications/IntelliJ IDEA.app/Contents/plugins/maven/lib/maven3/conf"/>
    <property name="jdk.debug" value="release"/>
    <property name="java.class.version" value="66.0"/>
    <property name="java.specification.name" value="Java Platform API Specification"/>
    <property name="sun.management.compiler" value="HotSpot 64-Bit Tiered Compilers"/>
    <property name="os.version" value="14.3"/>
    <property name="http.nonProxyHosts" value="feishu.cn|*.feishu.cn|127.0.0.1|FD00::/8|*.FD00::/8|10.0.0.0/8|*.10.0.0.0/8|localhost|*.localhost|alphalawyer.cnÔºå|*.alphalawyer.cnÔºå|FE80::/64|*.FE80::/64|::1|192.168.0.0/16|*.192.168.0.0/16"/>
    <property name="user.home" value="/Users/icourt"/>
    <property name="user.timezone" value="Asia/Shanghai"/>
    <property name="file.encoding" value="UTF-8"/>
    <property name="java.specification.version" value="22"/>
    <property name="user.name" value="icourt"/>
    <property name="java.class.path" value="/Applications/IntelliJ IDEA.app/Contents/plugins/maven/lib/maven3/boot/plexus-classworlds.license:/Applications/IntelliJ IDEA.app/Contents/plugins/maven/lib/maven3/boot/plexus-classworlds-2.6.0.jar"/>
    <property name="socksProxyHost" value="127.0.0.1"/>
    <property name="java.vm.specification.version" value="22"/>
    <property name="sun.arch.data.model" value="64"/>
    <property name="sun.java.command" value="org.codehaus.classworlds.Launcher -Didea.version=2023.1.2 package"/>
    <property name="java.home" value="/Users/icourt/Library/Java/JavaVirtualMachines/openjdk-22.0.1/Contents/Home"/>
    <property name="apple.awt.application.name" value="Launcher"/>
    <property name="user.language" value="zh"/>
    <property name="java.specification.vendor" value="Oracle Corporation"/>
    <property name="java.vm.info" value="mixed mode, sharing"/>
    <property name="java.version" value="22.0.1"/>
    <property name="native.encoding" value="UTF-8"/>
    <property name="java.vendor" value="Oracle Corporation"/>
    <property name="sun.stderr.encoding" value="UTF-8"/>
    <property name="maven.home" value="/Applications/IntelliJ IDEA.app/Contents/plugins/maven/lib/maven3"/>
    <property name="file.separator" value="/"/>
    <property name="java.version.date" value="2024-04-16"/>
    <property name="java.vendor.url.bug" value="https://bugreport.java.com/bugreport/"/>
    <property name="sun.io.unicode.encoding" value="UnicodeBig"/>
    <property name="sun.cpu.endian" value="little"/>
    <property name="sun.stdout.encoding" value="UTF-8"/>
    <property name="socksNonProxyHosts" value="feishu.cn|*.feishu.cn|127.0.0.1|FD00::/8|*.FD00::/8|10.0.0.0/8|*.10.0.0.0/8|localhost|*.localhost|alphalawyer.cnÔºå|*.alphalawyer.cnÔºå|FE80::/64|*.FE80::/64|::1|192.168.0.0/16|*.192.168.0.0/16"/>
    <property name="ftp.nonProxyHosts" value="feishu.cn|*.feishu.cn|127.0.0.1|FD00::/8|*.FD00::/8|10.0.0.0/8|*.10.0.0.0/8|localhost|*.localhost|alphalawyer.cnÔºå|*.alphalawyer.cnÔºå|FE80::/64|*.FE80::/64|::1|192.168.0.0/16|*.192.168.0.0/16"/>
  </properties>
  <testcase classname="org.apache.catalina.valves.rewrite.TestRewriteValve" name="testUtf8WithBothQsFlagsBQSA" time="0.016"/>
  <testcase classname="org.apache.catalina.valves.rewrite.TestRewriteValve" name="testUtf8WithBothQsFlagsNone" time="0.004"/>
  <testcase classname="org.apache.catalina.valves.rewrite.TestRewriteValve" name="testUtf8WithBothQsFlagsRBNE" time="0.005"/>
  <testcase classname="org.apache.catalina.valves.rewrite.TestRewriteValve" name="testUtf8WithBothQsFlagsRQSA" time="0.004"/>
  <testcase classname="org.apache.catalina.valves.rewrite.TestRewriteValve" name="testNoRewrite" time="0.004"/>
  <testcase classname="org.apache.catalina.valves.rewrite.TestRewriteValve" name="testQueryString" time="0.004"/>
  <testcase classname="org.apache.catalina.valves.rewrite.TestRewriteValve" name="testNegativePattern01" time="0.005"/>
  <testcase classname="org.apache.catalina.valves.rewrite.TestRewriteValve" name="testNegativePattern02" time="0.004"/>
  <testcase classname="org.apache.catalina.valves.rewrite.TestRewriteValve" name="testNegativePattern03" time="0.004"/>
  <testcase classname="org.apache.catalina.valves.rewrite.TestRewriteValve" name="testNegativePattern04" time="0.004"/>
  <testcase classname="org.apache.catalina.valves.rewrite.TestRewriteValve" name="testNonAsciiPath" time="0.005"/>
  <testcase classname="org.apache.catalina.valves.rewrite.TestRewriteValve" name="testHostRewrite" time="0.004"/>
  <testcase classname="org.apache.catalina.valves.rewrite.TestRewriteValve" name="testPathRewrite" time="0.005"/>
  <testcase classname="org.apache.catalina.valves.rewrite.TestRewriteValve" name="testUtf8FlagsRB" time="0.004"/>
  <testcase classname="org.apache.catalina.valves.rewrite.TestRewriteValve" name="test307Redirect" time="0.004"/>
  <testcase classname="org.apache.catalina.valves.rewrite.TestRewriteValve" name="testUtf8WithOriginalQsFlagsB" time="0.004"/>
  <testcase classname="org.apache.catalina.valves.rewrite.TestRewriteValve" name="testUtf8WithOriginalQsFlagsR" time="0.005"/>
  <testcase classname="org.apache.catalina.valves.rewrite.TestRewriteValve" name="testUtf8WithOriginalQsFlagsNone" time="0.004"/>
  <testcase classname="org.apache.catalina.valves.rewrite.TestRewriteValve" name="testUtf8WithOriginalQsFlagsRBNE" time="0.007"/>
  <testcase classname="org.apache.catalina.valves.rewrite.TestRewriteValve" name="testUtf8WithRewriteQsFlagsNone" time="0.005"/>
  <testcase classname="org.apache.catalina.valves.rewrite.TestRewriteValve" name="testUtf8WithRewriteQsFlagsRBNE" time="0.005"/>
  <testcase classname="org.apache.catalina.valves.rewrite.TestRewriteValve" name="testUtf8WithOriginalQsFlagsRNE" time="0.005"/>
  <testcase classname="org.apache.catalina.valves.rewrite.TestRewriteValve" name="testRewriteServerVarAndEnvVar" time="0.005"/>
  <testcase classname="org.apache.catalina.valves.rewrite.TestRewriteValve" name="testUtf8WithRewriteQsFlagsRB" time="0.004"/>
  <testcase classname="org.apache.catalina.valves.rewrite.TestRewriteValve" name="testFlagsNC" time="0.005"/>
  <testcase classname="org.apache.catalina.valves.rewrite.TestRewriteValve" name="testUtf8WithBothQsFlagsRNEQSA" time="0.003"/>
  <testcase classname="org.apache.catalina.valves.rewrite.TestRewriteValve" name="testBackslashPercentSign" time="0.004"/>
  <testcase classname="org.apache.catalina.valves.rewrite.TestRewriteValve" name="testUtf8FlagsNone" time="0.004"/>
  <testcase classname="org.apache.catalina.valves.rewrite.TestRewriteValve" name="testUtf8FlagsRBNE" time="0.003"/>
  <testcase classname="org.apache.catalina.valves.rewrite.TestRewriteValve" name="testUtf8WithRewriteQsFlagsB" time="0.005"/>
  <testcase classname="org.apache.catalina.valves.rewrite.TestRewriteValve" name="testUtf8WithRewriteQsFlagsR" time="0.005"/>
  <testcase classname="org.apache.catalina.valves.rewrite.TestRewriteValve" name="testMultiLine001" time="0.004"/>
  <testcase classname="org.apache.catalina.valves.rewrite.TestRewriteValve" name="testMultiLine002" time="0.005"/>
  <testcase classname="org.apache.catalina.valves.rewrite.TestRewriteValve" name="testBackReferenceRewrite" time="0.006"/>
  <testcase classname="org.apache.catalina.valves.rewrite.TestRewriteValve" name="testEmptyBackReferenceRewrite" time="0.007"/>
  <testcase classname="org.apache.catalina.valves.rewrite.TestRewriteValve" name="testNonAsciiQueryString" time="0.005"/>
  <testcase classname="org.apache.catalina.valves.rewrite.TestRewriteValve" name="testQueryStringRemove" time="0.004"/>
  <testcase classname="org.apache.catalina.valves.rewrite.TestRewriteValve" name="testUtf8WithBothQsFlagsQSA" time="0.005"/>
  <testcase classname="org.apache.catalina.valves.rewrite.TestRewriteValve" name="testUtf8WithBothQsFlagsRNE" time="0.004"/>
  <testcase classname="org.apache.catalina.valves.rewrite.TestRewriteValve" name="testUtf8WithBothQsFlagsB" time="0.005"/>
  <testcase classname="org.apache.catalina.valves.rewrite.TestRewriteValve" name="testUtf8WithBothQsFlagsR" time="0.005"/>
  <testcase classname="org.apache.catalina.valves.rewrite.TestRewriteValve" name="testRewriteMissingCurlyBraceOnVar" time="0.001"/>
  <testcase classname="org.apache.catalina.valves.rewrite.TestRewriteValve" name="testRewriteEnvVarAndServerVar" time="0.004"/>
  <testcase classname="org.apache.catalina.valves.rewrite.TestRewriteValve" name="testUtf8FlagsB" time="0.006"/>
  <testcase classname="org.apache.catalina.valves.rewrite.TestRewriteValve" name="testUtf8FlagsR" time="0.005"/>
  <testcase classname="org.apache.catalina.valves.rewrite.TestRewriteValve" name="testNoopRewrite" time="0.005"/>
  <testcase classname="org.apache.catalina.valves.rewrite.TestRewriteValve" name="testNonAsciiQueryStringWithB" time="0.004"/>
  <testcase classname="org.apache.catalina.valves.rewrite.TestRewriteValve" name="testRewriteMissingCurlyBraceOnMapper" time="0.001"/>
  <testcase classname="org.apache.catalina.valves.rewrite.TestRewriteValve" name="testTempRedirect" time="0.003"/>
  <testcase classname="org.apache.catalina.valves.rewrite.TestRewriteValve" name="testUtf8WithOriginalQsFlagsRB" time="0.004"/>
  <testcase classname="org.apache.catalina.valves.rewrite.TestRewriteValve" name="testNonAsciiQueryStringAndRedirect" time="0.005"/>
  <testcase classname="org.apache.catalina.valves.rewrite.TestRewriteValve" name="testNonNormalizedPathRewrite" time="0.004"/>
  <testcase classname="org.apache.catalina.valves.rewrite.TestRewriteValve" name="testNoopValveSkipRewrite" time="0.005"/>
  <testcase classname="org.apache.catalina.valves.rewrite.TestRewriteValve" name="testDefaultRedirect" time="0.003"/>
  <testcase classname="org.apache.catalina.valves.rewrite.TestRewriteValve" name="testUtf8WithRewriteQsFlagsQSA" time="0.006"/>
  <testcase classname="org.apache.catalina.valves.rewrite.TestRewriteValve" name="testUtf8WithRewriteQsFlagsRNE" time="0.005"/>
  <testcase classname="org.apache.catalina.valves.rewrite.TestRewriteValve" name="testNonAsciiQueryStringAndPath" time="0.004"/>
  <testcase classname="org.apache.catalina.valves.rewrite.TestRewriteValve" name="testRewriteMap01" time="0.005"/>
  <testcase classname="org.apache.catalina.valves.rewrite.TestRewriteValve" name="testRewriteMap02" time="0.005"/>
  <testcase classname="org.apache.catalina.valves.rewrite.TestRewriteValve" name="testRewriteMap03" time="0.008"/>
  <testcase classname="org.apache.catalina.valves.rewrite.TestRewriteValve" name="testRewriteMap04" time="0.005"/>
  <testcase classname="org.apache.catalina.valves.rewrite.TestRewriteValve" name="testRewriteMap05" time="0.006"/>
  <testcase classname="org.apache.catalina.valves.rewrite.TestRewriteValve" name="testRewriteMap06" time="0.005"/>
  <testcase classname="org.apache.catalina.valves.rewrite.TestRewriteValve" name="testRewriteMap07" time="0.004"/>
  <testcase classname="org.apache.catalina.valves.rewrite.TestRewriteValve" name="testRewriteMap08" time="0.006"/>
  <testcase classname="org.apache.catalina.valves.rewrite.TestRewriteValve" name="testRewriteMap09" time="0.005"/>
  <testcase classname="org.apache.catalina.valves.rewrite.TestRewriteValve" name="testRewriteMap10" time="0.004"/>
  <testcase classname="org.apache.catalina.valves.rewrite.TestRewriteValve" name="testRewriteMap11" time="0.004"/>
  <testcase classname="org.apache.catalina.valves.rewrite.TestRewriteValve" name="testRewriteMap12" time="0.005"/>
  <testcase classname="org.apache.catalina.valves.rewrite.TestRewriteValve" name="testRewriteMap13" time="0.004"/>
  <testcase classname="org.apache.catalina.valves.rewrite.TestRewriteValve" name="testRewriteMap14" time="0.004"/>
  <testcase classname="org.apache.catalina.valves.rewrite.TestRewriteValve" name="testRewriteMap15" time="0.004"/>
  <testcase classname="org.apache.catalina.valves.rewrite.TestRewriteValve" name="testRewriteMap16" time="0.004"/>
  <testcase classname="org.apache.catalina.valves.rewrite.TestRewriteValve" name="testRewriteMap17" time="0.004"/>
  <testcase classname="org.apache.catalina.valves.rewrite.TestRewriteValve" name="testRewriteMap18" time="0.005"/>
  <testcase classname="org.apache.catalina.valves.rewrite.TestRewriteValve" name="testRewriteMap19" time="0"/>
  <testcase classname="org.apache.catalina.valves.rewrite.TestRewriteValve" name="testRewriteMap20" time="0.001"/>
  <testcase classname="org.apache.catalina.valves.rewrite.TestRewriteValve" name="testRewriteMap21" time="0.003"/>
  <testcase classname="org.apache.catalina.valves.rewrite.TestRewriteValve" name="testRewriteMap23" time="0.005"/>
  <testcase classname="org.apache.catalina.valves.rewrite.TestRewriteValve" name="testRewriteMap24" time="0"/>
  <testcase classname="org.apache.catalina.valves.rewrite.TestRewriteValve" name="testRewriteMap25" time="0"/>
  <testcase classname="org.apache.catalina.valves.rewrite.TestRewriteValve" name="testSeeotherRedirect" time="0.004"/>
  <testcase classname="org.apache.catalina.valves.rewrite.TestRewriteValve" name="testRewriteServerVar" time="0.005"/>
  <testcase classname="org.apache.catalina.valves.rewrite.TestRewriteValve" name="testQueryStringRemove02" time="0.004"/>
  <testcase classname="org.apache.catalina.valves.rewrite.TestRewriteValve" name="testCookie" time="0.004"/>
  <testcase classname="org.apache.catalina.valves.rewrite.TestRewriteValve" name="testPermanentRedirect" time="0.003"/>
  <testcase classname="org.apache.catalina.valves.rewrite.TestRewriteValve" name="testUtf8FlagsRNE" time="0.004"/>
  <testcase classname="org.apache.catalina.valves.rewrite.TestRewriteValve" name="testUtf8WithBothQsFlagsRB" time="0.005"/>
  <testcase classname="org.apache.catalina.valves.rewrite.TestRewriteValve" name="testNonAsciiPathRedirect" time="0.005"/>
  <testcase classname="org.apache.catalina.valves.rewrite.TestRewriteValve" name="testNonAsciiQueryStringAndPathAndRedirect" time="0.005"/>
  <testcase classname="org.apache.catalina.valves.rewrite.TestRewriteValve" name="testNonAsciiQueryStringAndPathAndRedirectWithB" time="0.004"/>
  <testcase classname="org.apache.catalina.valves.rewrite.TestRewriteValve" name="testUtf8WithBothQsFlagsRBQSA" time="0.005"/>
  <testcase classname="org.apache.catalina.valves.rewrite.TestRewriteValve" name="testUtf8WithBothQsFlagsRBNEQSA" time="0.003"/>
</testsuite>