<?xml version="1.0" encoding="UTF-8" ?>
<testsuite tests="86" failures="0" name="org.apache.catalina.core.TestApplicationContextGetRequestDispatcher" time="0.411" errors="0" skipped="0">
  <properties>
    <property name="idea.version" value="2023.1.2"/>
    <property name="java.runtime.name" value="OpenJDK Runtime Environment"/>
    <property name="java.vm.version" value="22.0.1+8-16"/>
    <property name="sun.boot.library.path" value="/Users/icourt/Library/Java/JavaVirtualMachines/openjdk-22.0.1/Contents/Home/lib"/>
    <property name="maven.multiModuleProjectDirectory" value="/Users/icourt/project/openSourceProject/tomcat"/>
    <property name="java.vm.vendor" value="Oracle Corporation"/>
    <property name="java.vendor.url" value="https://java.oracle.com/"/>
    <property name="guice.disable.misplaced.annotation.check" value="true"/>
    <property name="path.separator" value=":"/>
    <property name="java.vm.name" value="OpenJDK 64-Bit Server VM"/>
    <property name="user.script" value="Hans"/>
    <property name="user.country" value="CN"/>
    <property name="sun.java.launcher" value="SUN_STANDARD"/>
    <property name="java.vm.specification.name" value="Java Virtual Machine Specification"/>
    <property name="user.dir" value="/Users/icourt/project/openSourceProject/tomcat"/>
    <property name="java.vm.compressedOopsMode" value="Zero based"/>
    <property name="java.runtime.version" value="22.0.1+8-16"/>
    <property name="os.arch" value="aarch64"/>
    <property name="visualgc.id" value="8370830629500"/>
    <property name="visualvm.id" value="8370830649833"/>
    <property name="java.io.tmpdir" value="/var/folders/9n/8l8yg6m178v_t033y6_5bqs40000gn/T/"/>
    <property name="line.separator" value="
"/>
    <property name="socksProxyPort" value="1086"/>
    <property name="java.vm.specification.vendor" value="Oracle Corporation"/>
    <property name="stderr.encoding" value="UTF-8"/>
    <property name="os.name" value="Mac OS X"/>
    <property name="maven.ext.class.path" value="/Applications/IntelliJ IDEA.app/Contents/plugins/maven/lib/maven-event-listener.jar"/>
    <property name="classworlds.conf" value="/Applications/IntelliJ IDEA.app/Contents/plugins/maven/lib/maven3/bin/m2.conf"/>
    <property name="sun.jnu.encoding" value="UTF-8"/>
    <property name="stdout.encoding" value="UTF-8"/>
    <property name="java.library.path" value="/Users/icourt/Library/Java/Extensions:/Library/Java/Extensions:/Network/Library/Java/Extensions:/System/Library/Java/Extensions:/usr/lib/java:."/>
    <property name="jansi.passthrough" value="true"/>
    <property name="maven.conf" value="/Applications/IntelliJ IDEA.app/Contents/plugins/maven/lib/maven3/conf"/>
    <property name="jdk.debug" value="release"/>
    <property name="java.class.version" value="66.0"/>
    <property name="java.specification.name" value="Java Platform API Specification"/>
    <property name="sun.management.compiler" value="HotSpot 64-Bit Tiered Compilers"/>
    <property name="os.version" value="14.3"/>
    <property name="http.nonProxyHosts" value="feishu.cn|*.feishu.cn|127.0.0.1|FD00::/8|*.FD00::/8|10.0.0.0/8|*.10.0.0.0/8|localhost|*.localhost|alphalawyer.cnÔºå|*.alphalawyer.cnÔºå|FE80::/64|*.FE80::/64|::1|192.168.0.0/16|*.192.168.0.0/16"/>
    <property name="user.home" value="/Users/icourt"/>
    <property name="user.timezone" value="Asia/Shanghai"/>
    <property name="file.encoding" value="UTF-8"/>
    <property name="java.specification.version" value="22"/>
    <property name="user.name" value="icourt"/>
    <property name="java.class.path" value="/Applications/IntelliJ IDEA.app/Contents/plugins/maven/lib/maven3/boot/plexus-classworlds.license:/Applications/IntelliJ IDEA.app/Contents/plugins/maven/lib/maven3/boot/plexus-classworlds-2.6.0.jar"/>
    <property name="socksProxyHost" value="127.0.0.1"/>
    <property name="java.vm.specification.version" value="22"/>
    <property name="sun.arch.data.model" value="64"/>
    <property name="sun.java.command" value="org.codehaus.classworlds.Launcher -Didea.version=2023.1.2 package"/>
    <property name="java.home" value="/Users/icourt/Library/Java/JavaVirtualMachines/openjdk-22.0.1/Contents/Home"/>
    <property name="apple.awt.application.name" value="Launcher"/>
    <property name="user.language" value="zh"/>
    <property name="java.specification.vendor" value="Oracle Corporation"/>
    <property name="java.vm.info" value="mixed mode, sharing"/>
    <property name="java.version" value="22.0.1"/>
    <property name="native.encoding" value="UTF-8"/>
    <property name="java.vendor" value="Oracle Corporation"/>
    <property name="sun.stderr.encoding" value="UTF-8"/>
    <property name="maven.home" value="/Applications/IntelliJ IDEA.app/Contents/plugins/maven/lib/maven3"/>
    <property name="file.separator" value="/"/>
    <property name="java.version.date" value="2024-04-16"/>
    <property name="java.vendor.url.bug" value="https://bugreport.java.com/bugreport/"/>
    <property name="sun.io.unicode.encoding" value="UnicodeBig"/>
    <property name="sun.cpu.endian" value="little"/>
    <property name="sun.stdout.encoding" value="UTF-8"/>
    <property name="socksNonProxyHosts" value="feishu.cn|*.feishu.cn|127.0.0.1|FD00::/8|*.FD00::/8|10.0.0.0/8|*.10.0.0.0/8|localhost|*.localhost|alphalawyer.cnÔºå|*.alphalawyer.cnÔºå|FE80::/64|*.FE80::/64|::1|192.168.0.0/16|*.192.168.0.0/16"/>
    <property name="ftp.nonProxyHosts" value="feishu.cn|*.feishu.cn|127.0.0.1|FD00::/8|*.FD00::/8|10.0.0.0/8|*.10.0.0.0/8|localhost|*.localhost|alphalawyer.cnÔºå|*.alphalawyer.cnÔºå|FE80::/64|*.FE80::/64|::1|192.168.0.0/16|*.192.168.0.0/16"/>
  </properties>
  <testcase classname="org.apache.catalina.core.TestApplicationContextGetRequestDispatcher" name="testGetRequestDispatcherEncodedTraversal[0: useAsync[true]]" time="0.011"/>
  <testcase classname="org.apache.catalina.core.TestApplicationContextGetRequestDispatcher" name="testGetRequestDispatcherNullPath01[0: useAsync[true]]" time="0.007"/>
  <testcase classname="org.apache.catalina.core.TestApplicationContextGetRequestDispatcher" name="testGetRequestDispatcherNullPath02[0: useAsync[true]]" time="0.005"/>
  <testcase classname="org.apache.catalina.core.TestApplicationContextGetRequestDispatcher" name="testGetRequestDispatcher01[0: useAsync[true]]" time="0.005"/>
  <testcase classname="org.apache.catalina.core.TestApplicationContextGetRequestDispatcher" name="testGetRequestDispatcher02[0: useAsync[true]]" time="0.006"/>
  <testcase classname="org.apache.catalina.core.TestApplicationContextGetRequestDispatcher" name="testGetRequestDispatcher03[0: useAsync[true]]" time="0.005"/>
  <testcase classname="org.apache.catalina.core.TestApplicationContextGetRequestDispatcher" name="testGetRequestDispatcher04[0: useAsync[true]]" time="0.005"/>
  <testcase classname="org.apache.catalina.core.TestApplicationContextGetRequestDispatcher" name="testGetRequestDispatcher05[0: useAsync[true]]" time="0.006"/>
  <testcase classname="org.apache.catalina.core.TestApplicationContextGetRequestDispatcher" name="testGetRequestDispatcher06[0: useAsync[true]]" time="0.005"/>
  <testcase classname="org.apache.catalina.core.TestApplicationContextGetRequestDispatcher" name="testGetRequestDispatcher11[0: useAsync[true]]" time="0.005"/>
  <testcase classname="org.apache.catalina.core.TestApplicationContextGetRequestDispatcher" name="testGetRequestDispatcher12[0: useAsync[true]]" time="0.005"/>
  <testcase classname="org.apache.catalina.core.TestApplicationContextGetRequestDispatcher" name="testGetRequestDispatcher13[0: useAsync[true]]" time="0.004"/>
  <testcase classname="org.apache.catalina.core.TestApplicationContextGetRequestDispatcher" name="testGetRequestDispatcher14[0: useAsync[true]]" time="0.005"/>
  <testcase classname="org.apache.catalina.core.TestApplicationContextGetRequestDispatcher" name="testGetRequestDispatcher15[0: useAsync[true]]" time="0.004"/>
  <testcase classname="org.apache.catalina.core.TestApplicationContextGetRequestDispatcher" name="testGetRequestDispatcher16[0: useAsync[true]]" time="0.004"/>
  <testcase classname="org.apache.catalina.core.TestApplicationContextGetRequestDispatcher" name="testGetRequestDispatcher21[0: useAsync[true]]" time="0.004"/>
  <testcase classname="org.apache.catalina.core.TestApplicationContextGetRequestDispatcher" name="testGetRequestDispatcher22[0: useAsync[true]]" time="0.004"/>
  <testcase classname="org.apache.catalina.core.TestApplicationContextGetRequestDispatcher" name="testGetRequestDispatcher23[0: useAsync[true]]" time="0.004"/>
  <testcase classname="org.apache.catalina.core.TestApplicationContextGetRequestDispatcher" name="testGetRequestDispatcher24[0: useAsync[true]]" time="0.005"/>
  <testcase classname="org.apache.catalina.core.TestApplicationContextGetRequestDispatcher" name="testGetRequestDispatcher25[0: useAsync[true]]" time="0.006"/>
  <testcase classname="org.apache.catalina.core.TestApplicationContextGetRequestDispatcher" name="testGetRequestDispatcher26[0: useAsync[true]]" time="0.005"/>
  <testcase classname="org.apache.catalina.core.TestApplicationContextGetRequestDispatcher" name="testGetRequestDispatcher31[0: useAsync[true]]" time="0.006"/>
  <testcase classname="org.apache.catalina.core.TestApplicationContextGetRequestDispatcher" name="testGetRequestDispatcher32[0: useAsync[true]]" time="0.004"/>
  <testcase classname="org.apache.catalina.core.TestApplicationContextGetRequestDispatcher" name="testGetRequestDispatcher33[0: useAsync[true]]" time="0.004"/>
  <testcase classname="org.apache.catalina.core.TestApplicationContextGetRequestDispatcher" name="testGetRequestDispatcher34[0: useAsync[true]]" time="0.005"/>
  <testcase classname="org.apache.catalina.core.TestApplicationContextGetRequestDispatcher" name="testGetRequestDispatcher35[0: useAsync[true]]" time="0.004"/>
  <testcase classname="org.apache.catalina.core.TestApplicationContextGetRequestDispatcher" name="testGetRequestDispatcher36[0: useAsync[true]]" time="0.004"/>
  <testcase classname="org.apache.catalina.core.TestApplicationContextGetRequestDispatcher" name="testGetRequestDispatcher41[0: useAsync[true]]" time="0.004"/>
  <testcase classname="org.apache.catalina.core.TestApplicationContextGetRequestDispatcher" name="testGetRequestDispatcher42[0: useAsync[true]]" time="0.004"/>
  <testcase classname="org.apache.catalina.core.TestApplicationContextGetRequestDispatcher" name="testGetRequestDispatcher43[0: useAsync[true]]" time="0.005"/>
  <testcase classname="org.apache.catalina.core.TestApplicationContextGetRequestDispatcher" name="testGetRequestDispatcher44[0: useAsync[true]]" time="0.004"/>
  <testcase classname="org.apache.catalina.core.TestApplicationContextGetRequestDispatcher" name="testGetRequestDispatcher45[0: useAsync[true]]" time="0.004"/>
  <testcase classname="org.apache.catalina.core.TestApplicationContextGetRequestDispatcher" name="testGetRequestDispatcher46[0: useAsync[true]]" time="0.004"/>
  <testcase classname="org.apache.catalina.core.TestApplicationContextGetRequestDispatcher" name="testGetRequestDispatcher47[0: useAsync[true]]" time="0.005"/>
  <testcase classname="org.apache.catalina.core.TestApplicationContextGetRequestDispatcher" name="testGetRequestDispatcher48[0: useAsync[true]]" time="0.004"/>
  <testcase classname="org.apache.catalina.core.TestApplicationContextGetRequestDispatcher" name="testGetRequestDispatcherOutsideContextRoot01[0: useAsync[true]]" time="0.004"/>
  <testcase classname="org.apache.catalina.core.TestApplicationContextGetRequestDispatcher" name="testGetRequestDispatcherOutsideContextRoot02[0: useAsync[true]]" time="0.005"/>
  <testcase classname="org.apache.catalina.core.TestApplicationContextGetRequestDispatcher" name="testGetRequestDispatcherTraversal01[0: useAsync[true]]" time="0.004"/>
  <testcase classname="org.apache.catalina.core.TestApplicationContextGetRequestDispatcher" name="testGetRequestDispatcherTraversal02[0: useAsync[true]]" time="0.004"/>
  <testcase classname="org.apache.catalina.core.TestApplicationContextGetRequestDispatcher" name="testGetRequestDispatcherTraversal03[0: useAsync[true]]" time="0.005"/>
  <testcase classname="org.apache.catalina.core.TestApplicationContextGetRequestDispatcher" name="testGetRequestDispatcherTraversal04[0: useAsync[true]]" time="0.005"/>
  <testcase classname="org.apache.catalina.core.TestApplicationContextGetRequestDispatcher" name="testGetRequestDispatcherTraversal05[0: useAsync[true]]" time="0.005"/>
  <testcase classname="org.apache.catalina.core.TestApplicationContextGetRequestDispatcher" name="testGetRequestDispatcherTraversal06[0: useAsync[true]]" time="0.004"/>
  <testcase classname="org.apache.catalina.core.TestApplicationContextGetRequestDispatcher" name="testGetRequestDispatcherEncodedTraversal[1: useAsync[false]]" time="0.013"/>
  <testcase classname="org.apache.catalina.core.TestApplicationContextGetRequestDispatcher" name="testGetRequestDispatcherNullPath01[1: useAsync[false]]" time="0.005"/>
  <testcase classname="org.apache.catalina.core.TestApplicationContextGetRequestDispatcher" name="testGetRequestDispatcherNullPath02[1: useAsync[false]]" time="0.004"/>
  <testcase classname="org.apache.catalina.core.TestApplicationContextGetRequestDispatcher" name="testGetRequestDispatcher01[1: useAsync[false]]" time="0.004"/>
  <testcase classname="org.apache.catalina.core.TestApplicationContextGetRequestDispatcher" name="testGetRequestDispatcher02[1: useAsync[false]]" time="0.004"/>
  <testcase classname="org.apache.catalina.core.TestApplicationContextGetRequestDispatcher" name="testGetRequestDispatcher03[1: useAsync[false]]" time="0.004"/>
  <testcase classname="org.apache.catalina.core.TestApplicationContextGetRequestDispatcher" name="testGetRequestDispatcher04[1: useAsync[false]]" time="0.004"/>
  <testcase classname="org.apache.catalina.core.TestApplicationContextGetRequestDispatcher" name="testGetRequestDispatcher05[1: useAsync[false]]" time="0.003"/>
  <testcase classname="org.apache.catalina.core.TestApplicationContextGetRequestDispatcher" name="testGetRequestDispatcher06[1: useAsync[false]]" time="0.004"/>
  <testcase classname="org.apache.catalina.core.TestApplicationContextGetRequestDispatcher" name="testGetRequestDispatcher11[1: useAsync[false]]" time="0.004"/>
  <testcase classname="org.apache.catalina.core.TestApplicationContextGetRequestDispatcher" name="testGetRequestDispatcher12[1: useAsync[false]]" time="0.004"/>
  <testcase classname="org.apache.catalina.core.TestApplicationContextGetRequestDispatcher" name="testGetRequestDispatcher13[1: useAsync[false]]" time="0.004"/>
  <testcase classname="org.apache.catalina.core.TestApplicationContextGetRequestDispatcher" name="testGetRequestDispatcher14[1: useAsync[false]]" time="0.004"/>
  <testcase classname="org.apache.catalina.core.TestApplicationContextGetRequestDispatcher" name="testGetRequestDispatcher15[1: useAsync[false]]" time="0.004"/>
  <testcase classname="org.apache.catalina.core.TestApplicationContextGetRequestDispatcher" name="testGetRequestDispatcher16[1: useAsync[false]]" time="0.006"/>
  <testcase classname="org.apache.catalina.core.TestApplicationContextGetRequestDispatcher" name="testGetRequestDispatcher21[1: useAsync[false]]" time="0.006"/>
  <testcase classname="org.apache.catalina.core.TestApplicationContextGetRequestDispatcher" name="testGetRequestDispatcher22[1: useAsync[false]]" time="0.004"/>
  <testcase classname="org.apache.catalina.core.TestApplicationContextGetRequestDispatcher" name="testGetRequestDispatcher23[1: useAsync[false]]" time="0.005"/>
  <testcase classname="org.apache.catalina.core.TestApplicationContextGetRequestDispatcher" name="testGetRequestDispatcher24[1: useAsync[false]]" time="0.004"/>
  <testcase classname="org.apache.catalina.core.TestApplicationContextGetRequestDispatcher" name="testGetRequestDispatcher25[1: useAsync[false]]" time="0.004"/>
  <testcase classname="org.apache.catalina.core.TestApplicationContextGetRequestDispatcher" name="testGetRequestDispatcher26[1: useAsync[false]]" time="0.004"/>
  <testcase classname="org.apache.catalina.core.TestApplicationContextGetRequestDispatcher" name="testGetRequestDispatcher31[1: useAsync[false]]" time="0.005"/>
  <testcase classname="org.apache.catalina.core.TestApplicationContextGetRequestDispatcher" name="testGetRequestDispatcher32[1: useAsync[false]]" time="0.004"/>
  <testcase classname="org.apache.catalina.core.TestApplicationContextGetRequestDispatcher" name="testGetRequestDispatcher33[1: useAsync[false]]" time="0.004"/>
  <testcase classname="org.apache.catalina.core.TestApplicationContextGetRequestDispatcher" name="testGetRequestDispatcher34[1: useAsync[false]]" time="0.004"/>
  <testcase classname="org.apache.catalina.core.TestApplicationContextGetRequestDispatcher" name="testGetRequestDispatcher35[1: useAsync[false]]" time="0.004"/>
  <testcase classname="org.apache.catalina.core.TestApplicationContextGetRequestDispatcher" name="testGetRequestDispatcher36[1: useAsync[false]]" time="0.004"/>
  <testcase classname="org.apache.catalina.core.TestApplicationContextGetRequestDispatcher" name="testGetRequestDispatcher41[1: useAsync[false]]" time="0.011"/>
  <testcase classname="org.apache.catalina.core.TestApplicationContextGetRequestDispatcher" name="testGetRequestDispatcher42[1: useAsync[false]]" time="0.005"/>
  <testcase classname="org.apache.catalina.core.TestApplicationContextGetRequestDispatcher" name="testGetRequestDispatcher43[1: useAsync[false]]" time="0.004"/>
  <testcase classname="org.apache.catalina.core.TestApplicationContextGetRequestDispatcher" name="testGetRequestDispatcher44[1: useAsync[false]]" time="0.004"/>
  <testcase classname="org.apache.catalina.core.TestApplicationContextGetRequestDispatcher" name="testGetRequestDispatcher45[1: useAsync[false]]" time="0.004"/>
  <testcase classname="org.apache.catalina.core.TestApplicationContextGetRequestDispatcher" name="testGetRequestDispatcher46[1: useAsync[false]]" time="0.004"/>
  <testcase classname="org.apache.catalina.core.TestApplicationContextGetRequestDispatcher" name="testGetRequestDispatcher47[1: useAsync[false]]" time="0.004"/>
  <testcase classname="org.apache.catalina.core.TestApplicationContextGetRequestDispatcher" name="testGetRequestDispatcher48[1: useAsync[false]]" time="0.003"/>
  <testcase classname="org.apache.catalina.core.TestApplicationContextGetRequestDispatcher" name="testGetRequestDispatcherOutsideContextRoot01[1: useAsync[false]]" time="0.004"/>
  <testcase classname="org.apache.catalina.core.TestApplicationContextGetRequestDispatcher" name="testGetRequestDispatcherOutsideContextRoot02[1: useAsync[false]]" time="0.004"/>
  <testcase classname="org.apache.catalina.core.TestApplicationContextGetRequestDispatcher" name="testGetRequestDispatcherTraversal01[1: useAsync[false]]" time="0.004"/>
  <testcase classname="org.apache.catalina.core.TestApplicationContextGetRequestDispatcher" name="testGetRequestDispatcherTraversal02[1: useAsync[false]]" time="0.009"/>
  <testcase classname="org.apache.catalina.core.TestApplicationContextGetRequestDispatcher" name="testGetRequestDispatcherTraversal03[1: useAsync[false]]" time="0.005"/>
  <testcase classname="org.apache.catalina.core.TestApplicationContextGetRequestDispatcher" name="testGetRequestDispatcherTraversal04[1: useAsync[false]]" time="0.006"/>
  <testcase classname="org.apache.catalina.core.TestApplicationContextGetRequestDispatcher" name="testGetRequestDispatcherTraversal05[1: useAsync[false]]" time="0.005"/>
  <testcase classname="org.apache.catalina.core.TestApplicationContextGetRequestDispatcher" name="testGetRequestDispatcherTraversal06[1: useAsync[false]]" time="0.005"/>
</testsuite>