<?xml version="1.0" encoding="UTF-8" ?>
<testsuite tests="5" failures="0" name="org.apache.catalina.valves.TestCrawlerSessionManagerValve" time="0.022" errors="5" skipped="0">
  <properties>
    <property name="idea.version" value="2023.1.2"/>
    <property name="java.runtime.name" value="OpenJDK Runtime Environment"/>
    <property name="java.vm.version" value="22.0.1+8-16"/>
    <property name="sun.boot.library.path" value="/Users/icourt/Library/Java/JavaVirtualMachines/openjdk-22.0.1/Contents/Home/lib"/>
    <property name="maven.multiModuleProjectDirectory" value="/Users/icourt/project/openSourceProject/tomcat"/>
    <property name="java.vm.vendor" value="Oracle Corporation"/>
    <property name="java.vendor.url" value="https://java.oracle.com/"/>
    <property name="guice.disable.misplaced.annotation.check" value="true"/>
    <property name="path.separator" value=":"/>
    <property name="java.vm.name" value="OpenJDK 64-Bit Server VM"/>
    <property name="user.script" value="Hans"/>
    <property name="user.country" value="CN"/>
    <property name="sun.java.launcher" value="SUN_STANDARD"/>
    <property name="java.vm.specification.name" value="Java Virtual Machine Specification"/>
    <property name="user.dir" value="/Users/icourt/project/openSourceProject/tomcat"/>
    <property name="java.vm.compressedOopsMode" value="Zero based"/>
    <property name="java.runtime.version" value="22.0.1+8-16"/>
    <property name="os.arch" value="aarch64"/>
    <property name="visualgc.id" value="8370830629500"/>
    <property name="visualvm.id" value="8370830649833"/>
    <property name="java.io.tmpdir" value="/var/folders/9n/8l8yg6m178v_t033y6_5bqs40000gn/T/"/>
    <property name="line.separator" value="
"/>
    <property name="socksProxyPort" value="1086"/>
    <property name="java.vm.specification.vendor" value="Oracle Corporation"/>
    <property name="stderr.encoding" value="UTF-8"/>
    <property name="os.name" value="Mac OS X"/>
    <property name="maven.ext.class.path" value="/Applications/IntelliJ IDEA.app/Contents/plugins/maven/lib/maven-event-listener.jar"/>
    <property name="classworlds.conf" value="/Applications/IntelliJ IDEA.app/Contents/plugins/maven/lib/maven3/bin/m2.conf"/>
    <property name="sun.jnu.encoding" value="UTF-8"/>
    <property name="stdout.encoding" value="UTF-8"/>
    <property name="java.library.path" value="/Users/icourt/Library/Java/Extensions:/Library/Java/Extensions:/Network/Library/Java/Extensions:/System/Library/Java/Extensions:/usr/lib/java:."/>
    <property name="jansi.passthrough" value="true"/>
    <property name="maven.conf" value="/Applications/IntelliJ IDEA.app/Contents/plugins/maven/lib/maven3/conf"/>
    <property name="jdk.debug" value="release"/>
    <property name="java.class.version" value="66.0"/>
    <property name="java.specification.name" value="Java Platform API Specification"/>
    <property name="sun.management.compiler" value="HotSpot 64-Bit Tiered Compilers"/>
    <property name="os.version" value="14.3"/>
    <property name="http.nonProxyHosts" value="feishu.cn|*.feishu.cn|127.0.0.1|FD00::/8|*.FD00::/8|10.0.0.0/8|*.10.0.0.0/8|localhost|*.localhost|alphalawyer.cnÔºå|*.alphalawyer.cnÔºå|FE80::/64|*.FE80::/64|::1|192.168.0.0/16|*.192.168.0.0/16"/>
    <property name="user.home" value="/Users/icourt"/>
    <property name="user.timezone" value="Asia/Shanghai"/>
    <property name="file.encoding" value="UTF-8"/>
    <property name="java.specification.version" value="22"/>
    <property name="user.name" value="icourt"/>
    <property name="java.class.path" value="/Applications/IntelliJ IDEA.app/Contents/plugins/maven/lib/maven3/boot/plexus-classworlds.license:/Applications/IntelliJ IDEA.app/Contents/plugins/maven/lib/maven3/boot/plexus-classworlds-2.6.0.jar"/>
    <property name="socksProxyHost" value="127.0.0.1"/>
    <property name="java.vm.specification.version" value="22"/>
    <property name="sun.arch.data.model" value="64"/>
    <property name="sun.java.command" value="org.codehaus.classworlds.Launcher -Didea.version=2023.1.2 package"/>
    <property name="java.home" value="/Users/icourt/Library/Java/JavaVirtualMachines/openjdk-22.0.1/Contents/Home"/>
    <property name="apple.awt.application.name" value="Launcher"/>
    <property name="user.language" value="zh"/>
    <property name="java.specification.vendor" value="Oracle Corporation"/>
    <property name="java.vm.info" value="mixed mode, sharing"/>
    <property name="java.version" value="22.0.1"/>
    <property name="native.encoding" value="UTF-8"/>
    <property name="java.vendor" value="Oracle Corporation"/>
    <property name="sun.stderr.encoding" value="UTF-8"/>
    <property name="maven.home" value="/Applications/IntelliJ IDEA.app/Contents/plugins/maven/lib/maven3"/>
    <property name="file.separator" value="/"/>
    <property name="java.version.date" value="2024-04-16"/>
    <property name="java.vendor.url.bug" value="https://bugreport.java.com/bugreport/"/>
    <property name="sun.io.unicode.encoding" value="UnicodeBig"/>
    <property name="sun.cpu.endian" value="little"/>
    <property name="sun.stdout.encoding" value="UTF-8"/>
    <property name="socksNonProxyHosts" value="feishu.cn|*.feishu.cn|127.0.0.1|FD00::/8|*.FD00::/8|10.0.0.0/8|*.10.0.0.0/8|localhost|*.localhost|alphalawyer.cnÔºå|*.alphalawyer.cnÔºå|FE80::/64|*.FE80::/64|::1|192.168.0.0/16|*.192.168.0.0/16"/>
    <property name="ftp.nonProxyHosts" value="feishu.cn|*.feishu.cn|127.0.0.1|FD00::/8|*.FD00::/8|10.0.0.0/8|*.10.0.0.0/8|localhost|*.localhost|alphalawyer.cnÔºå|*.alphalawyer.cnÔºå|FE80::/64|*.FE80::/64|::1|192.168.0.0/16|*.192.168.0.0/16"/>
  </properties>
  <testcase classname="org.apache.catalina.valves.TestCrawlerSessionManagerValve" name="testCrawlerIpsPositive" time="0.021">
    <error type="java.lang.ExceptionInInitializerError">java.lang.ExceptionInInitializerError
	at org.easymock.internal.ClassProxyFactory.createEnhancer(ClassProxyFactory.java:235)
	at org.easymock.internal.ClassProxyFactory.createProxy(ClassProxyFactory.java:163)
	at org.easymock.internal.MocksControl.createMock(MocksControl.java:116)
	at org.easymock.internal.MocksControl.createMock(MocksControl.java:95)
	at org.easymock.EasyMock.mock(EasyMock.java:69)
	at org.easymock.EasyMock.createMock(EasyMock.java:311)
	at org.apache.catalina.valves.TestCrawlerSessionManagerValve.createRequestExpectations(TestCrawlerSessionManagerValve.java:185)
	at org.apache.catalina.valves.TestCrawlerSessionManagerValve.createRequestExpectations(TestCrawlerSessionManagerValve.java:180)
	at org.apache.catalina.valves.TestCrawlerSessionManagerValve.testCrawlerIpsPositive(TestCrawlerSessionManagerValve.java:62)
	at java.base/jdk.internal.reflect.DirectMethodHandleAccessor.invoke(DirectMethodHandleAccessor.java:103)
	at java.base/java.lang.reflect.Method.invoke(Method.java:580)
	at org.junit.runners.model.FrameworkMethod$1.runReflectiveCall(FrameworkMethod.java:50)
	at org.junit.internal.runners.model.ReflectiveCallable.run(ReflectiveCallable.java:12)
	at org.junit.runners.model.FrameworkMethod.invokeExplosively(FrameworkMethod.java:47)
	at org.junit.internal.runners.statements.InvokeMethod.evaluate(InvokeMethod.java:17)
	at org.junit.runners.ParentRunner.runLeaf(ParentRunner.java:325)
	at org.junit.runners.BlockJUnit4ClassRunner.runChild(BlockJUnit4ClassRunner.java:78)
	at org.junit.runners.BlockJUnit4ClassRunner.runChild(BlockJUnit4ClassRunner.java:57)
	at org.junit.runners.ParentRunner$3.run(ParentRunner.java:290)
	at org.junit.runners.ParentRunner$1.schedule(ParentRunner.java:71)
	at org.junit.runners.ParentRunner.runChildren(ParentRunner.java:288)
	at org.junit.runners.ParentRunner.access$000(ParentRunner.java:58)
	at org.junit.runners.ParentRunner$2.evaluate(ParentRunner.java:268)
	at org.junit.runners.ParentRunner.run(ParentRunner.java:363)
	at org.apache.maven.surefire.junit4.JUnit4Provider.execute(JUnit4Provider.java:252)
	at org.apache.maven.surefire.junit4.JUnit4Provider.executeTestSet(JUnit4Provider.java:141)
	at org.apache.maven.surefire.junit4.JUnit4Provider.invoke(JUnit4Provider.java:112)
	at java.base/jdk.internal.reflect.DirectMethodHandleAccessor.invoke(DirectMethodHandleAccessor.java:103)
	at java.base/java.lang.reflect.Method.invoke(Method.java:580)
	at org.apache.maven.surefire.util.ReflectionUtils.invokeMethodWithArray(ReflectionUtils.java:189)
	at org.apache.maven.surefire.booter.ProviderFactory$ProviderProxy.invoke(ProviderFactory.java:165)
	at org.apache.maven.surefire.booter.ProviderFactory.invokeProvider(ProviderFactory.java:85)
	at org.apache.maven.surefire.booter.ForkedBooter.runSuitesInProcess(ForkedBooter.java:115)
	at org.apache.maven.surefire.booter.ForkedBooter.main(ForkedBooter.java:75)
Caused by: org.easymock.cglib.core.CodeGenerationException: java.lang.reflect.InaccessibleObjectException--&gt;Unable to make protected final java.lang.Class java.lang.ClassLoader.defineClass(java.lang.String,byte[],int,int,java.security.ProtectionDomain) throws java.lang.ClassFormatError accessible: module java.base does not &quot;opens java.lang&quot; to unnamed module @56ed9f5e
	at org.easymock.cglib.core.ReflectUtils.defineClass(ReflectUtils.java:464)
	at org.easymock.cglib.core.AbstractClassGenerator.generate(AbstractClassGenerator.java:336)
	at org.easymock.cglib.core.AbstractClassGenerator$ClassLoaderData$3.apply(AbstractClassGenerator.java:93)
	at org.easymock.cglib.core.AbstractClassGenerator$ClassLoaderData$3.apply(AbstractClassGenerator.java:91)
	at org.easymock.cglib.core.internal.LoadingCache$2.call(LoadingCache.java:54)
	at java.base/java.util.concurrent.FutureTask.run(FutureTask.java:317)
	at org.easymock.cglib.core.internal.LoadingCache.createEntry(LoadingCache.java:61)
	at org.easymock.cglib.core.internal.LoadingCache.get(LoadingCache.java:34)
	at org.easymock.cglib.core.AbstractClassGenerator$ClassLoaderData.get(AbstractClassGenerator.java:116)
	at org.easymock.cglib.core.AbstractClassGenerator.create(AbstractClassGenerator.java:291)
	at org.easymock.cglib.core.KeyFactory$Generator.create(KeyFactory.java:221)
	at org.easymock.cglib.core.KeyFactory.create(KeyFactory.java:174)
	at org.easymock.cglib.core.KeyFactory.create(KeyFactory.java:153)
	at org.easymock.cglib.proxy.Enhancer.&lt;clinit&gt;(Enhancer.java:73)
	... 34 more
Caused by: java.lang.reflect.InaccessibleObjectException: Unable to make protected final java.lang.Class java.lang.ClassLoader.defineClass(java.lang.String,byte[],int,int,java.security.ProtectionDomain) throws java.lang.ClassFormatError accessible: module java.base does not &quot;opens java.lang&quot; to unnamed module @56ed9f5e
	at java.base/java.lang.reflect.AccessibleObject.throwInaccessibleObjectException(AccessibleObject.java:388)
	at java.base/java.lang.reflect.AccessibleObject.checkCanSetAccessible(AccessibleObject.java:364)
	at java.base/java.lang.reflect.AccessibleObject.checkCanSetAccessible(AccessibleObject.java:312)
	at java.base/java.lang.reflect.Method.checkCanSetAccessible(Method.java:203)
	at java.base/java.lang.reflect.Method.setAccessible(Method.java:197)
	at org.easymock.cglib.core.ReflectUtils$1.run(ReflectUtils.java:61)
	at java.base/java.security.AccessController.doPrivileged(AccessController.java:571)
	at org.easymock.cglib.core.ReflectUtils.&lt;clinit&gt;(ReflectUtils.java:52)
	at org.easymock.cglib.core.KeyFactory$Generator.generateClass(KeyFactory.java:243)
	at org.easymock.cglib.core.DefaultGeneratorStrategy.generate(DefaultGeneratorStrategy.java:25)
	at org.easymock.cglib.core.AbstractClassGenerator.generate(AbstractClassGenerator.java:329)
	... 46 more
</error>
  </testcase>
  <testcase classname="org.apache.catalina.valves.TestCrawlerSessionManagerValve" name="testCrawlerIpsNegative" time="0.001">
    <error message="Could not initialize class org.easymock.internal.ClassProxyFactory$2" type="java.lang.NoClassDefFoundError">java.lang.NoClassDefFoundError: Could not initialize class org.easymock.internal.ClassProxyFactory$2
	at org.easymock.internal.ClassProxyFactory.createEnhancer(ClassProxyFactory.java:235)
	at org.easymock.internal.ClassProxyFactory.createProxy(ClassProxyFactory.java:163)
	at org.easymock.internal.MocksControl.createMock(MocksControl.java:116)
	at org.easymock.internal.MocksControl.createMock(MocksControl.java:95)
	at org.easymock.EasyMock.mock(EasyMock.java:69)
	at org.easymock.EasyMock.createMock(EasyMock.java:311)
	at org.apache.catalina.valves.TestCrawlerSessionManagerValve.createRequestExpectations(TestCrawlerSessionManagerValve.java:185)
	at org.apache.catalina.valves.TestCrawlerSessionManagerValve.createRequestExpectations(TestCrawlerSessionManagerValve.java:180)
	at org.apache.catalina.valves.TestCrawlerSessionManagerValve.testCrawlerIpsNegative(TestCrawlerSessionManagerValve.java:78)
	at java.base/jdk.internal.reflect.DirectMethodHandleAccessor.invoke(DirectMethodHandleAccessor.java:103)
	at java.base/java.lang.reflect.Method.invoke(Method.java:580)
	at org.junit.runners.model.FrameworkMethod$1.runReflectiveCall(FrameworkMethod.java:50)
	at org.junit.internal.runners.model.ReflectiveCallable.run(ReflectiveCallable.java:12)
	at org.junit.runners.model.FrameworkMethod.invokeExplosively(FrameworkMethod.java:47)
	at org.junit.internal.runners.statements.InvokeMethod.evaluate(InvokeMethod.java:17)
	at org.junit.runners.ParentRunner.runLeaf(ParentRunner.java:325)
	at org.junit.runners.BlockJUnit4ClassRunner.runChild(BlockJUnit4ClassRunner.java:78)
	at org.junit.runners.BlockJUnit4ClassRunner.runChild(BlockJUnit4ClassRunner.java:57)
	at org.junit.runners.ParentRunner$3.run(ParentRunner.java:290)
	at org.junit.runners.ParentRunner$1.schedule(ParentRunner.java:71)
	at org.junit.runners.ParentRunner.runChildren(ParentRunner.java:288)
	at org.junit.runners.ParentRunner.access$000(ParentRunner.java:58)
	at org.junit.runners.ParentRunner$2.evaluate(ParentRunner.java:268)
	at org.junit.runners.ParentRunner.run(ParentRunner.java:363)
	at org.apache.maven.surefire.junit4.JUnit4Provider.execute(JUnit4Provider.java:252)
	at org.apache.maven.surefire.junit4.JUnit4Provider.executeTestSet(JUnit4Provider.java:141)
	at org.apache.maven.surefire.junit4.JUnit4Provider.invoke(JUnit4Provider.java:112)
	at java.base/jdk.internal.reflect.DirectMethodHandleAccessor.invoke(DirectMethodHandleAccessor.java:103)
	at java.base/java.lang.reflect.Method.invoke(Method.java:580)
	at org.apache.maven.surefire.util.ReflectionUtils.invokeMethodWithArray(ReflectionUtils.java:189)
	at org.apache.maven.surefire.booter.ProviderFactory$ProviderProxy.invoke(ProviderFactory.java:165)
	at org.apache.maven.surefire.booter.ProviderFactory.invokeProvider(ProviderFactory.java:85)
	at org.apache.maven.surefire.booter.ForkedBooter.runSuitesInProcess(ForkedBooter.java:115)
	at org.apache.maven.surefire.booter.ForkedBooter.main(ForkedBooter.java:75)
Caused by: java.lang.ExceptionInInitializerError: Exception java.lang.ExceptionInInitializerError [in thread &quot;main&quot;]
	at org.easymock.internal.ClassProxyFactory.createEnhancer(ClassProxyFactory.java:235)
	at org.easymock.internal.ClassProxyFactory.createProxy(ClassProxyFactory.java:163)
	at org.easymock.internal.MocksControl.createMock(MocksControl.java:116)
	at org.easymock.internal.MocksControl.createMock(MocksControl.java:95)
	at org.easymock.EasyMock.mock(EasyMock.java:69)
	at org.easymock.EasyMock.createMock(EasyMock.java:311)
	at org.apache.catalina.valves.TestCrawlerSessionManagerValve.createRequestExpectations(TestCrawlerSessionManagerValve.java:185)
	at org.apache.catalina.valves.TestCrawlerSessionManagerValve.createRequestExpectations(TestCrawlerSessionManagerValve.java:180)
	at org.apache.catalina.valves.TestCrawlerSessionManagerValve.testCrawlerIpsPositive(TestCrawlerSessionManagerValve.java:62)
	... 25 more
</error>
  </testcase>
  <testcase classname="org.apache.catalina.valves.TestCrawlerSessionManagerValve" name="testCrawlerMultipleHostsHostAware" time="0">
    <error message="Could not initialize class org.easymock.internal.ClassProxyFactory$2" type="java.lang.NoClassDefFoundError">java.lang.NoClassDefFoundError: Could not initialize class org.easymock.internal.ClassProxyFactory$2
	at org.easymock.internal.ClassProxyFactory.createEnhancer(ClassProxyFactory.java:235)
	at org.easymock.internal.ClassProxyFactory.createProxy(ClassProxyFactory.java:163)
	at org.easymock.internal.MocksControl.createMock(MocksControl.java:116)
	at org.easymock.internal.MocksControl.createMock(MocksControl.java:95)
	at org.easymock.EasyMock.mock(EasyMock.java:69)
	at org.easymock.EasyMock.createMock(EasyMock.java:311)
	at org.apache.catalina.valves.TestCrawlerSessionManagerValve.createRequestExpectations(TestCrawlerSessionManagerValve.java:185)
	at org.apache.catalina.valves.TestCrawlerSessionManagerValve.verifyCrawlingLocalhost(TestCrawlerSessionManagerValve.java:141)
	at org.apache.catalina.valves.TestCrawlerSessionManagerValve.testCrawlerMultipleHostsHostAware(TestCrawlerSessionManagerValve.java:95)
	at java.base/jdk.internal.reflect.DirectMethodHandleAccessor.invoke(DirectMethodHandleAccessor.java:103)
	at java.base/java.lang.reflect.Method.invoke(Method.java:580)
	at org.junit.runners.model.FrameworkMethod$1.runReflectiveCall(FrameworkMethod.java:50)
	at org.junit.internal.runners.model.ReflectiveCallable.run(ReflectiveCallable.java:12)
	at org.junit.runners.model.FrameworkMethod.invokeExplosively(FrameworkMethod.java:47)
	at org.junit.internal.runners.statements.InvokeMethod.evaluate(InvokeMethod.java:17)
	at org.junit.runners.ParentRunner.runLeaf(ParentRunner.java:325)
	at org.junit.runners.BlockJUnit4ClassRunner.runChild(BlockJUnit4ClassRunner.java:78)
	at org.junit.runners.BlockJUnit4ClassRunner.runChild(BlockJUnit4ClassRunner.java:57)
	at org.junit.runners.ParentRunner$3.run(ParentRunner.java:290)
	at org.junit.runners.ParentRunner$1.schedule(ParentRunner.java:71)
	at org.junit.runners.ParentRunner.runChildren(ParentRunner.java:288)
	at org.junit.runners.ParentRunner.access$000(ParentRunner.java:58)
	at org.junit.runners.ParentRunner$2.evaluate(ParentRunner.java:268)
	at org.junit.runners.ParentRunner.run(ParentRunner.java:363)
	at org.apache.maven.surefire.junit4.JUnit4Provider.execute(JUnit4Provider.java:252)
	at org.apache.maven.surefire.junit4.JUnit4Provider.executeTestSet(JUnit4Provider.java:141)
	at org.apache.maven.surefire.junit4.JUnit4Provider.invoke(JUnit4Provider.java:112)
	at java.base/jdk.internal.reflect.DirectMethodHandleAccessor.invoke(DirectMethodHandleAccessor.java:103)
	at java.base/java.lang.reflect.Method.invoke(Method.java:580)
	at org.apache.maven.surefire.util.ReflectionUtils.invokeMethodWithArray(ReflectionUtils.java:189)
	at org.apache.maven.surefire.booter.ProviderFactory$ProviderProxy.invoke(ProviderFactory.java:165)
	at org.apache.maven.surefire.booter.ProviderFactory.invokeProvider(ProviderFactory.java:85)
	at org.apache.maven.surefire.booter.ForkedBooter.runSuitesInProcess(ForkedBooter.java:115)
	at org.apache.maven.surefire.booter.ForkedBooter.main(ForkedBooter.java:75)
Caused by: java.lang.ExceptionInInitializerError: Exception java.lang.ExceptionInInitializerError [in thread &quot;main&quot;]
	at org.easymock.internal.ClassProxyFactory.createEnhancer(ClassProxyFactory.java:235)
	at org.easymock.internal.ClassProxyFactory.createProxy(ClassProxyFactory.java:163)
	at org.easymock.internal.MocksControl.createMock(MocksControl.java:116)
	at org.easymock.internal.MocksControl.createMock(MocksControl.java:95)
	at org.easymock.EasyMock.mock(EasyMock.java:69)
	at org.easymock.EasyMock.createMock(EasyMock.java:311)
	at org.apache.catalina.valves.TestCrawlerSessionManagerValve.createRequestExpectations(TestCrawlerSessionManagerValve.java:185)
	at org.apache.catalina.valves.TestCrawlerSessionManagerValve.createRequestExpectations(TestCrawlerSessionManagerValve.java:180)
	at org.apache.catalina.valves.TestCrawlerSessionManagerValve.testCrawlerIpsPositive(TestCrawlerSessionManagerValve.java:62)
	... 25 more
</error>
  </testcase>
  <testcase classname="org.apache.catalina.valves.TestCrawlerSessionManagerValve" name="testCrawlerMultipleContextsContextAware" time="0">
    <error message="Could not initialize class org.easymock.internal.ClassProxyFactory$2" type="java.lang.NoClassDefFoundError">java.lang.NoClassDefFoundError: Could not initialize class org.easymock.internal.ClassProxyFactory$2
	at org.easymock.internal.ClassProxyFactory.createEnhancer(ClassProxyFactory.java:235)
	at org.easymock.internal.ClassProxyFactory.createProxy(ClassProxyFactory.java:163)
	at org.easymock.internal.MocksControl.createMock(MocksControl.java:116)
	at org.easymock.internal.MocksControl.createMock(MocksControl.java:95)
	at org.easymock.EasyMock.mock(EasyMock.java:69)
	at org.easymock.EasyMock.createMock(EasyMock.java:311)
	at org.apache.catalina.valves.TestCrawlerSessionManagerValve.createRequestExpectations(TestCrawlerSessionManagerValve.java:185)
	at org.apache.catalina.valves.TestCrawlerSessionManagerValve.verifyCrawlingContext(TestCrawlerSessionManagerValve.java:154)
	at org.apache.catalina.valves.TestCrawlerSessionManagerValve.testCrawlerMultipleContextsContextAware(TestCrawlerSessionManagerValve.java:107)
	at java.base/jdk.internal.reflect.DirectMethodHandleAccessor.invoke(DirectMethodHandleAccessor.java:103)
	at java.base/java.lang.reflect.Method.invoke(Method.java:580)
	at org.junit.runners.model.FrameworkMethod$1.runReflectiveCall(FrameworkMethod.java:50)
	at org.junit.internal.runners.model.ReflectiveCallable.run(ReflectiveCallable.java:12)
	at org.junit.runners.model.FrameworkMethod.invokeExplosively(FrameworkMethod.java:47)
	at org.junit.internal.runners.statements.InvokeMethod.evaluate(InvokeMethod.java:17)
	at org.junit.runners.ParentRunner.runLeaf(ParentRunner.java:325)
	at org.junit.runners.BlockJUnit4ClassRunner.runChild(BlockJUnit4ClassRunner.java:78)
	at org.junit.runners.BlockJUnit4ClassRunner.runChild(BlockJUnit4ClassRunner.java:57)
	at org.junit.runners.ParentRunner$3.run(ParentRunner.java:290)
	at org.junit.runners.ParentRunner$1.schedule(ParentRunner.java:71)
	at org.junit.runners.ParentRunner.runChildren(ParentRunner.java:288)
	at org.junit.runners.ParentRunner.access$000(ParentRunner.java:58)
	at org.junit.runners.ParentRunner$2.evaluate(ParentRunner.java:268)
	at org.junit.runners.ParentRunner.run(ParentRunner.java:363)
	at org.apache.maven.surefire.junit4.JUnit4Provider.execute(JUnit4Provider.java:252)
	at org.apache.maven.surefire.junit4.JUnit4Provider.executeTestSet(JUnit4Provider.java:141)
	at org.apache.maven.surefire.junit4.JUnit4Provider.invoke(JUnit4Provider.java:112)
	at java.base/jdk.internal.reflect.DirectMethodHandleAccessor.invoke(DirectMethodHandleAccessor.java:103)
	at java.base/java.lang.reflect.Method.invoke(Method.java:580)
	at org.apache.maven.surefire.util.ReflectionUtils.invokeMethodWithArray(ReflectionUtils.java:189)
	at org.apache.maven.surefire.booter.ProviderFactory$ProviderProxy.invoke(ProviderFactory.java:165)
	at org.apache.maven.surefire.booter.ProviderFactory.invokeProvider(ProviderFactory.java:85)
	at org.apache.maven.surefire.booter.ForkedBooter.runSuitesInProcess(ForkedBooter.java:115)
	at org.apache.maven.surefire.booter.ForkedBooter.main(ForkedBooter.java:75)
Caused by: java.lang.ExceptionInInitializerError: Exception java.lang.ExceptionInInitializerError [in thread &quot;main&quot;]
	at org.easymock.internal.ClassProxyFactory.createEnhancer(ClassProxyFactory.java:235)
	at org.easymock.internal.ClassProxyFactory.createProxy(ClassProxyFactory.java:163)
	at org.easymock.internal.MocksControl.createMock(MocksControl.java:116)
	at org.easymock.internal.MocksControl.createMock(MocksControl.java:95)
	at org.easymock.EasyMock.mock(EasyMock.java:69)
	at org.easymock.EasyMock.createMock(EasyMock.java:311)
	at org.apache.catalina.valves.TestCrawlerSessionManagerValve.createRequestExpectations(TestCrawlerSessionManagerValve.java:185)
	at org.apache.catalina.valves.TestCrawlerSessionManagerValve.createRequestExpectations(TestCrawlerSessionManagerValve.java:180)
	at org.apache.catalina.valves.TestCrawlerSessionManagerValve.testCrawlerIpsPositive(TestCrawlerSessionManagerValve.java:62)
	... 25 more
</error>
  </testcase>
  <testcase classname="org.apache.catalina.valves.TestCrawlerSessionManagerValve" name="testCrawlersSessionIdIsRemovedAfterSessionExpiry" time="0">
    <error message="Could not initialize class org.easymock.internal.ClassProxyFactory$2" type="java.lang.NoClassDefFoundError">java.lang.NoClassDefFoundError: Could not initialize class org.easymock.internal.ClassProxyFactory$2
	at org.easymock.internal.ClassProxyFactory.createEnhancer(ClassProxyFactory.java:235)
	at org.easymock.internal.ClassProxyFactory.createProxy(ClassProxyFactory.java:163)
	at org.easymock.internal.MocksControl.createMock(MocksControl.java:116)
	at org.easymock.internal.MocksControl.createMock(MocksControl.java:95)
	at org.easymock.EasyMock.mock(EasyMock.java:69)
	at org.easymock.EasyMock.createMock(EasyMock.java:311)
	at org.apache.catalina.valves.TestCrawlerSessionManagerValve.createRequestExpectations(TestCrawlerSessionManagerValve.java:185)
	at org.apache.catalina.valves.TestCrawlerSessionManagerValve.createRequestExpectations(TestCrawlerSessionManagerValve.java:180)
	at org.apache.catalina.valves.TestCrawlerSessionManagerValve.testCrawlersSessionIdIsRemovedAfterSessionExpiry(TestCrawlerSessionManagerValve.java:122)
	at java.base/jdk.internal.reflect.DirectMethodHandleAccessor.invoke(DirectMethodHandleAccessor.java:103)
	at java.base/java.lang.reflect.Method.invoke(Method.java:580)
	at org.junit.runners.model.FrameworkMethod$1.runReflectiveCall(FrameworkMethod.java:50)
	at org.junit.internal.runners.model.ReflectiveCallable.run(ReflectiveCallable.java:12)
	at org.junit.runners.model.FrameworkMethod.invokeExplosively(FrameworkMethod.java:47)
	at org.junit.internal.runners.statements.InvokeMethod.evaluate(InvokeMethod.java:17)
	at org.junit.runners.ParentRunner.runLeaf(ParentRunner.java:325)
	at org.junit.runners.BlockJUnit4ClassRunner.runChild(BlockJUnit4ClassRunner.java:78)
	at org.junit.runners.BlockJUnit4ClassRunner.runChild(BlockJUnit4ClassRunner.java:57)
	at org.junit.runners.ParentRunner$3.run(ParentRunner.java:290)
	at org.junit.runners.ParentRunner$1.schedule(ParentRunner.java:71)
	at org.junit.runners.ParentRunner.runChildren(ParentRunner.java:288)
	at org.junit.runners.ParentRunner.access$000(ParentRunner.java:58)
	at org.junit.runners.ParentRunner$2.evaluate(ParentRunner.java:268)
	at org.junit.runners.ParentRunner.run(ParentRunner.java:363)
	at org.apache.maven.surefire.junit4.JUnit4Provider.execute(JUnit4Provider.java:252)
	at org.apache.maven.surefire.junit4.JUnit4Provider.executeTestSet(JUnit4Provider.java:141)
	at org.apache.maven.surefire.junit4.JUnit4Provider.invoke(JUnit4Provider.java:112)
	at java.base/jdk.internal.reflect.DirectMethodHandleAccessor.invoke(DirectMethodHandleAccessor.java:103)
	at java.base/java.lang.reflect.Method.invoke(Method.java:580)
	at org.apache.maven.surefire.util.ReflectionUtils.invokeMethodWithArray(ReflectionUtils.java:189)
	at org.apache.maven.surefire.booter.ProviderFactory$ProviderProxy.invoke(ProviderFactory.java:165)
	at org.apache.maven.surefire.booter.ProviderFactory.invokeProvider(ProviderFactory.java:85)
	at org.apache.maven.surefire.booter.ForkedBooter.runSuitesInProcess(ForkedBooter.java:115)
	at org.apache.maven.surefire.booter.ForkedBooter.main(ForkedBooter.java:75)
Caused by: java.lang.ExceptionInInitializerError: Exception java.lang.ExceptionInInitializerError [in thread &quot;main&quot;]
	at org.easymock.internal.ClassProxyFactory.createEnhancer(ClassProxyFactory.java:235)
	at org.easymock.internal.ClassProxyFactory.createProxy(ClassProxyFactory.java:163)
	at org.easymock.internal.MocksControl.createMock(MocksControl.java:116)
	at org.easymock.internal.MocksControl.createMock(MocksControl.java:95)
	at org.easymock.EasyMock.mock(EasyMock.java:69)
	at org.easymock.EasyMock.createMock(EasyMock.java:311)
	at org.apache.catalina.valves.TestCrawlerSessionManagerValve.createRequestExpectations(TestCrawlerSessionManagerValve.java:185)
	at org.apache.catalina.valves.TestCrawlerSessionManagerValve.createRequestExpectations(TestCrawlerSessionManagerValve.java:180)
	at org.apache.catalina.valves.TestCrawlerSessionManagerValve.testCrawlerIpsPositive(TestCrawlerSessionManagerValve.java:62)
	... 25 more
</error>
  </testcase>
</testsuite>