<?xml version="1.0" encoding="UTF-8" ?>
<testsuite tests="18" failures="0" name="org.apache.catalina.core.TestAsyncContextStateChanges" time="8.228" errors="0" skipped="0">
  <properties>
    <property name="idea.version" value="2023.1.2"/>
    <property name="java.runtime.name" value="OpenJDK Runtime Environment"/>
    <property name="java.vm.version" value="22.0.1+8-16"/>
    <property name="sun.boot.library.path" value="/Users/icourt/Library/Java/JavaVirtualMachines/openjdk-22.0.1/Contents/Home/lib"/>
    <property name="maven.multiModuleProjectDirectory" value="/Users/icourt/project/openSourceProject/tomcat"/>
    <property name="java.vm.vendor" value="Oracle Corporation"/>
    <property name="java.vendor.url" value="https://java.oracle.com/"/>
    <property name="guice.disable.misplaced.annotation.check" value="true"/>
    <property name="path.separator" value=":"/>
    <property name="java.vm.name" value="OpenJDK 64-Bit Server VM"/>
    <property name="user.script" value="Hans"/>
    <property name="user.country" value="CN"/>
    <property name="sun.java.launcher" value="SUN_STANDARD"/>
    <property name="java.vm.specification.name" value="Java Virtual Machine Specification"/>
    <property name="user.dir" value="/Users/icourt/project/openSourceProject/tomcat"/>
    <property name="java.vm.compressedOopsMode" value="Zero based"/>
    <property name="java.runtime.version" value="22.0.1+8-16"/>
    <property name="os.arch" value="aarch64"/>
    <property name="visualgc.id" value="8370830629500"/>
    <property name="visualvm.id" value="8370830649833"/>
    <property name="java.io.tmpdir" value="/var/folders/9n/8l8yg6m178v_t033y6_5bqs40000gn/T/"/>
    <property name="line.separator" value="
"/>
    <property name="socksProxyPort" value="1086"/>
    <property name="java.vm.specification.vendor" value="Oracle Corporation"/>
    <property name="stderr.encoding" value="UTF-8"/>
    <property name="os.name" value="Mac OS X"/>
    <property name="maven.ext.class.path" value="/Applications/IntelliJ IDEA.app/Contents/plugins/maven/lib/maven-event-listener.jar"/>
    <property name="classworlds.conf" value="/Applications/IntelliJ IDEA.app/Contents/plugins/maven/lib/maven3/bin/m2.conf"/>
    <property name="sun.jnu.encoding" value="UTF-8"/>
    <property name="stdout.encoding" value="UTF-8"/>
    <property name="java.library.path" value="/Users/icourt/Library/Java/Extensions:/Library/Java/Extensions:/Network/Library/Java/Extensions:/System/Library/Java/Extensions:/usr/lib/java:."/>
    <property name="jansi.passthrough" value="true"/>
    <property name="maven.conf" value="/Applications/IntelliJ IDEA.app/Contents/plugins/maven/lib/maven3/conf"/>
    <property name="jdk.debug" value="release"/>
    <property name="java.class.version" value="66.0"/>
    <property name="java.specification.name" value="Java Platform API Specification"/>
    <property name="sun.management.compiler" value="HotSpot 64-Bit Tiered Compilers"/>
    <property name="os.version" value="14.3"/>
    <property name="http.nonProxyHosts" value="feishu.cn|*.feishu.cn|127.0.0.1|FD00::/8|*.FD00::/8|10.0.0.0/8|*.10.0.0.0/8|localhost|*.localhost|alphalawyer.cnÔºå|*.alphalawyer.cnÔºå|FE80::/64|*.FE80::/64|::1|192.168.0.0/16|*.192.168.0.0/16"/>
    <property name="user.home" value="/Users/icourt"/>
    <property name="user.timezone" value="Asia/Shanghai"/>
    <property name="file.encoding" value="UTF-8"/>
    <property name="java.specification.version" value="22"/>
    <property name="user.name" value="icourt"/>
    <property name="java.class.path" value="/Applications/IntelliJ IDEA.app/Contents/plugins/maven/lib/maven3/boot/plexus-classworlds.license:/Applications/IntelliJ IDEA.app/Contents/plugins/maven/lib/maven3/boot/plexus-classworlds-2.6.0.jar"/>
    <property name="socksProxyHost" value="127.0.0.1"/>
    <property name="java.vm.specification.version" value="22"/>
    <property name="sun.arch.data.model" value="64"/>
    <property name="sun.java.command" value="org.codehaus.classworlds.Launcher -Didea.version=2023.1.2 package"/>
    <property name="java.home" value="/Users/icourt/Library/Java/JavaVirtualMachines/openjdk-22.0.1/Contents/Home"/>
    <property name="apple.awt.application.name" value="Launcher"/>
    <property name="user.language" value="zh"/>
    <property name="java.specification.vendor" value="Oracle Corporation"/>
    <property name="java.vm.info" value="mixed mode, sharing"/>
    <property name="java.version" value="22.0.1"/>
    <property name="native.encoding" value="UTF-8"/>
    <property name="java.vendor" value="Oracle Corporation"/>
    <property name="sun.stderr.encoding" value="UTF-8"/>
    <property name="maven.home" value="/Applications/IntelliJ IDEA.app/Contents/plugins/maven/lib/maven3"/>
    <property name="file.separator" value="/"/>
    <property name="java.version.date" value="2024-04-16"/>
    <property name="java.vendor.url.bug" value="https://bugreport.java.com/bugreport/"/>
    <property name="sun.io.unicode.encoding" value="UnicodeBig"/>
    <property name="sun.cpu.endian" value="little"/>
    <property name="sun.stdout.encoding" value="UTF-8"/>
    <property name="socksNonProxyHosts" value="feishu.cn|*.feishu.cn|127.0.0.1|FD00::/8|*.FD00::/8|10.0.0.0/8|*.10.0.0.0/8|localhost|*.localhost|alphalawyer.cnÔºå|*.alphalawyer.cnÔºå|FE80::/64|*.FE80::/64|::1|192.168.0.0/16|*.192.168.0.0/16"/>
    <property name="ftp.nonProxyHosts" value="feishu.cn|*.feishu.cn|127.0.0.1|FD00::/8|*.FD00::/8|10.0.0.0/8|*.10.0.0.0/8|localhost|*.localhost|alphalawyer.cnÔºå|*.alphalawyer.cnÔºå|FE80::/64|*.FE80::/64|::1|192.168.0.0/16|*.192.168.0.0/16"/>
  </properties>
  <testcase classname="org.apache.catalina.core.TestAsyncContextStateChanges" name="testAsync[0: end [NONE], timing [INLINE]]" time="1.013"/>
  <testcase classname="org.apache.catalina.core.TestAsyncContextStateChanges" name="testAsync[1: end [NONE], timing [THREAD_COMPLETES_BEFORE_SERVLET_EXIT]]" time="1.014"/>
  <testcase classname="org.apache.catalina.core.TestAsyncContextStateChanges" name="testAsync[2: end [NONE], timing [THREAD_COMPLETES_AFTER_SERVLET_EXIT]]" time="1.015"/>
  <testcase classname="org.apache.catalina.core.TestAsyncContextStateChanges" name="testAsync[3: end [COMPLETE], timing [INLINE]]" time="0.01"/>
  <testcase classname="org.apache.catalina.core.TestAsyncContextStateChanges" name="testAsync[4: end [COMPLETE], timing [THREAD_COMPLETES_BEFORE_SERVLET_EXIT]]" time="0.01"/>
  <testcase classname="org.apache.catalina.core.TestAsyncContextStateChanges" name="testAsync[5: end [COMPLETE], timing [THREAD_COMPLETES_AFTER_SERVLET_EXIT]]" time="1.014"/>
  <testcase classname="org.apache.catalina.core.TestAsyncContextStateChanges" name="testAsync[6: end [DISPATCH], timing [INLINE]]" time="0.012"/>
  <testcase classname="org.apache.catalina.core.TestAsyncContextStateChanges" name="testAsync[7: end [DISPATCH], timing [THREAD_COMPLETES_BEFORE_SERVLET_EXIT]]" time="0.01"/>
  <testcase classname="org.apache.catalina.core.TestAsyncContextStateChanges" name="testAsync[8: end [DISPATCH], timing [THREAD_COMPLETES_AFTER_SERVLET_EXIT]]" time="1.014"/>
  <testcase classname="org.apache.catalina.core.TestAsyncContextStateChanges" name="testAsync[9: end [ERROR_NONE], timing [INLINE]]" time="0.012"/>
  <testcase classname="org.apache.catalina.core.TestAsyncContextStateChanges" name="testAsync[10: end [ERROR_NONE], timing [THREAD_COMPLETES_BEFORE_SERVLET_EXIT]]" time="0.007"/>
  <testcase classname="org.apache.catalina.core.TestAsyncContextStateChanges" name="testAsync[11: end [ERROR_NONE], timing [THREAD_COMPLETES_AFTER_SERVLET_EXIT]]" time="1.019"/>
  <testcase classname="org.apache.catalina.core.TestAsyncContextStateChanges" name="testAsync[12: end [ERROR_COMPLETE], timing [INLINE]]" time="0.012"/>
  <testcase classname="org.apache.catalina.core.TestAsyncContextStateChanges" name="testAsync[13: end [ERROR_COMPLETE], timing [THREAD_COMPLETES_BEFORE_SERVLET_EXIT]]" time="0.008"/>
  <testcase classname="org.apache.catalina.core.TestAsyncContextStateChanges" name="testAsync[14: end [ERROR_COMPLETE], timing [THREAD_COMPLETES_AFTER_SERVLET_EXIT]]" time="1.021"/>
  <testcase classname="org.apache.catalina.core.TestAsyncContextStateChanges" name="testAsync[15: end [ERROR_DISPATCH], timing [INLINE]]" time="0.012"/>
  <testcase classname="org.apache.catalina.core.TestAsyncContextStateChanges" name="testAsync[16: end [ERROR_DISPATCH], timing [THREAD_COMPLETES_BEFORE_SERVLET_EXIT]]" time="0.007"/>
  <testcase classname="org.apache.catalina.core.TestAsyncContextStateChanges" name="testAsync[17: end [ERROR_DISPATCH], timing [THREAD_COMPLETES_AFTER_SERVLET_EXIT]]" time="1.018"/>
</testsuite>